<?xml version="1.0" encoding="UTF-8"?>
<!-- Generated by org.testng.reporters.JUnitReportReporter -->
<testsuite hostname="ARPGL007193" failures="0" tests="3" name="com.psl.OpenCart.Tests.ComponentsTest" time="51.257" errors="0" timestamp="2022-01-17T11:41:53 IST" skipped="0">
  <testcase classname="com.psl.OpenCart.Tests.ComponentsTest" name="verifyComponentsModuleInHomePage" time="0.061"/>
  <system-out/>
  <testcase classname="com.psl.OpenCart.Tests.ComponentsTest" name="verifyComponentsIsClickable" time="3.286"/>
  <system-out/>
  <testcase classname="com.psl.OpenCart.Tests.ComponentsTest" name="addingToCart" time="47.910"/>
  <system-out/>
</testsuite> <!-- com.psl.OpenCart.Tests.ComponentsTest -->
