<?xml version="1.0" encoding="UTF-8"?>
<!-- Generated by org.testng.reporters.JUnitReportReporter -->
<testsuite skipped="0" hostname="INBLL000516" name="com.psl.OpenCart.Tests.TestCurrency" tests="3" failures="0" timestamp="2022-01-07T14:25:02 IST" time="2.050" errors="0">
  <testcase name="testEuroCurrency" time="0.642" classname="com.psl.OpenCart.Tests.TestCurrency"/>
  <system-out/>
  <testcase name="testPoundCurrency" time="0.706" classname="com.psl.OpenCart.Tests.TestCurrency"/>
  <system-out/>
  <testcase name="testDollarCurrency" time="0.702" classname="com.psl.OpenCart.Tests.TestCurrency"/>
  <system-out/>
</testsuite> <!-- com.psl.OpenCart.Tests.TestCurrency -->
