<?xml version="1.0" encoding="UTF-8"?>
<!-- Generated by org.testng.reporters.JUnitReportReporter -->
<testsuite hostname="ARPGL007193" failures="0" tests="1" name="com.psl.OpenCart.Tests.checkout" time="20.497" errors="0" timestamp="2022-01-19T10:51:35 IST" skipped="0">
  <testcase classname="com.psl.OpenCart.Tests.checkout" name="checkout" time="20.497"/>
  <system-out/>
</testsuite> <!-- com.psl.OpenCart.Tests.checkout -->
