<?xml version="1.0" encoding="UTF-8"?>
<!-- Generated by org.testng.reporters.JUnitReportReporter -->
<testsuite hostname="ARPGL007193" failures="0" tests="9" name="com.psl.OpenCart.Tests.LoginSearchLogout" time="27.704" errors="0" timestamp="2022-01-17T13:18:29 IST" skipped="0">
  <testcase classname="com.psl.OpenCart.Tests.LoginSearchLogout" name="driverSetup" time="5.112"/>
  <system-out/>
  <testcase classname="com.psl.OpenCart.Tests.LoginSearchLogout" name="InvalidCredentials" time="8.203"/>
  <system-out/>
  <testcase classname="com.psl.OpenCart.Tests.LoginSearchLogout" name="LoginwithBlankField" time="2.234"/>
  <system-out/>
  <testcase classname="com.psl.OpenCart.Tests.LoginSearchLogout" name="ValidCredentials" time="5.828"/>
  <system-out/>
  <testcase classname="com.psl.OpenCart.Tests.LoginSearchLogout" name="SearchButtonClickable" time="2.008"/>
  <system-out/>
  <testcase classname="com.psl.OpenCart.Tests.LoginSearchLogout" name="CategoryIdSelected" time="0.314"/>
  <system-out/>
  <testcase classname="com.psl.OpenCart.Tests.LoginSearchLogout" name="SubCategoryEnable" time="2.698"/>
  <system-out/>
  <testcase classname="com.psl.OpenCart.Tests.LoginSearchLogout" name="LogoutFunctionTest" time="1.166"/>
  <system-out/>
  <testcase classname="com.psl.OpenCart.Tests.LoginSearchLogout" name="closeBrowser" time="0.141"/>
  <system-out/>
</testsuite> <!-- com.psl.OpenCart.Tests.LoginSearchLogout -->
