<?xml version="1.0" encoding="UTF-8"?>
<!-- Generated by org.testng.reporters.JUnitReportReporter -->
<testsuite hostname="ARPGL007193" failures="0" tests="3" name="com.psl.OpenCart.Tests.PhonesAndPDAs" time="21.091" errors="0" timestamp="2022-01-17T10:28:42 IST" skipped="0">
  <testcase classname="com.psl.OpenCart.Tests.PhonesAndPDAs" name="verifyPhonesAndPDAsModuleInHomePage" time="2.101"/>
  <system-out/>
  <testcase classname="com.psl.OpenCart.Tests.PhonesAndPDAs" name="verifyPhonesAndPDAsIsClickable" time="2.829"/>
  <system-out/>
  <testcase classname="com.psl.OpenCart.Tests.PhonesAndPDAs" name="addingToCart" time="16.161"/>
  <system-out/>
</testsuite> <!-- com.psl.OpenCart.Tests.PhonesAndPDAs -->
