<?xml version="1.0" encoding="UTF-8"?>
<!-- Generated by org.testng.reporters.JUnitReportReporter -->
<testsuite hostname="ARPGL007193" failures="0" tests="3" name="com.psl.OpenCart.Tests.CurrencyTest" time="4.235" errors="0" timestamp="2022-01-16T19:05:08 IST" skipped="0">
  <testcase classname="com.psl.OpenCart.Tests.CurrencyTest" name="validatePoundCurrencyfunc" time="1.202"/>
  <system-out/>
  <testcase classname="com.psl.OpenCart.Tests.CurrencyTest" name="validateUSDollarCurrencyfunc" time="1.512"/>
  <system-out/>
  <testcase classname="com.psl.OpenCart.Tests.CurrencyTest" name="validateEuroCurrencyfunc" time="1.521"/>
  <system-out/>
</testsuite> <!-- com.psl.OpenCart.Tests.CurrencyTest -->
