<?xml version="1.0" encoding="UTF-8"?>
<!-- Generated by org.testng.reporters.JUnitReportReporter -->
<testsuite hostname="ARPGL007193" failures="0" tests="5" name="com.psl.OpenCart.Tests.wish_list" time="15.924" errors="0" timestamp="2022-01-16T19:28:11 IST" skipped="0">
  <testcase classname="com.psl.OpenCart.Tests.wish_list" name="openBrowserTest" time="5.947"/>
  <system-out/>
  <testcase classname="com.psl.OpenCart.Tests.wish_list" name="addingToWishList" time="1.413"/>
  <system-out/>
  <testcase classname="com.psl.OpenCart.Tests.wish_list" name="openWishList" time="5.553"/>
  <system-out/>
  <testcase classname="com.psl.OpenCart.Tests.wish_list" name="removeItemFromwishList" time="2.846"/>
  <system-out/>
  <testcase classname="com.psl.OpenCart.Tests.wish_list" name="closeBrowser" time="0.165"/>
  <system-out/>
</testsuite> <!-- com.psl.OpenCart.Tests.wish_list -->
