<?xml version="1.0" encoding="UTF-8"?>
<!-- Generated by org.testng.reporters.JUnitReportReporter -->
<testsuite hostname="ARPGL007193" failures="0" tests="2" name="com.psl.OpenCart.Tests.TestContactUs" time="19.507" errors="0" timestamp="2022-01-16T19:20:00 IST" skipped="0">
  <testcase classname="com.psl.OpenCart.Tests.TestContactUs" name="validContactform" time="8.584"/>
  <system-out/>
  <testcase classname="com.psl.OpenCart.Tests.TestContactUs" name="InvalidContactform" time="10.923"/>
  <system-out/>
</testsuite> <!-- com.psl.OpenCart.Tests.TestContactUs -->
