<?xml version="1.0" encoding="UTF-8"?>
<!-- Generated by org.testng.reporters.JUnitReportReporter -->
<testsuite skipped="0" hostname="INBLL000516" name="com.psl.OpenCart.Tests.Project" tests="9" failures="0" timestamp="2022-01-15T11:37:55 IST" time="26.304" errors="0">
  <testcase name="driverSetup" time="3.791" classname="com.psl.OpenCart.Tests.Project"/>
  <system-out/>
  <testcase name="InvalidCredentials" time="9.184" classname="com.psl.OpenCart.Tests.Project"/>
  <system-out/>
  <testcase name="LoginwithBlankField" time="1.753" classname="com.psl.OpenCart.Tests.Project"/>
  <system-out/>
  <testcase name="ValidCredentials" time="6.141" classname="com.psl.OpenCart.Tests.Project"/>
  <system-out/>
  <testcase name="SearchButtonClickable" time="2.040" classname="com.psl.OpenCart.Tests.Project"/>
  <system-out/>
  <testcase name="CategoryIdSelected" time="0.162" classname="com.psl.OpenCart.Tests.Project"/>
  <system-out/>
  <testcase name="SubCategoryEnable" time="2.001" classname="com.psl.OpenCart.Tests.Project"/>
  <system-out/>
  <testcase name="LogoutFunctionTest" time="1.094" classname="com.psl.OpenCart.Tests.Project"/>
  <system-out/>
  <testcase name="closeBrowser" time="0.138" classname="com.psl.OpenCart.Tests.Project"/>
  <system-out/>
</testsuite> <!-- com.psl.OpenCart.Tests.Project -->
