<?xml version="1.0" encoding="UTF-8"?>
<!-- Generated by org.testng.reporters.JUnitReportReporter -->
<testsuite hostname="ARPGL007193" failures="0" tests="5" name="com.psl.OpenCart.Tests.Cameras1" time="15.036" errors="0" timestamp="2022-01-16T19:31:14 IST" skipped="0">
  <testcase classname="com.psl.OpenCart.Tests.Cameras1" name="openBrowserTest" time="5.873"/>
  <system-out/>
  <testcase classname="com.psl.OpenCart.Tests.Cameras1" name="viewcameras" time="1.291"/>
  <system-out/>
  <testcase classname="com.psl.OpenCart.Tests.Cameras1" name="openCameras" time="6.295"/>
  <system-out/>
  <testcase classname="com.psl.OpenCart.Tests.Cameras1" name="sort" time="1.401"/>
  <system-out/>
  <testcase classname="com.psl.OpenCart.Tests.Cameras1" name="closeBrowser" time="0.176"/>
  <system-out/>
</testsuite> <!-- com.psl.OpenCart.Tests.Cameras1 -->
