<?xml version="1.0" encoding="UTF-8"?>
<!-- Generated by org.testng.reporters.JUnitReportReporter -->
<testsuite hostname="ARPGL007193" failures="0" tests="8" name="com.psl.OpenCart.Tests.DesktopTest" time="12.493" errors="0" timestamp="2022-01-16T19:05:45 IST" skipped="0">
  <testcase classname="com.psl.OpenCart.Tests.DesktopTest" name="driverSetup" time="3.250"/>
  <system-out/>
  <testcase classname="com.psl.OpenCart.Tests.DesktopTest" name="openBrowser" time="1.681"/>
  <system-out/>
  <testcase classname="com.psl.OpenCart.Tests.DesktopTest" name="openDesktopModule" time="1.531"/>
  <system-out/>
  <testcase classname="com.psl.OpenCart.Tests.DesktopTest" name="sortProductByPrice" time="1.320"/>
  <system-out/>
  <testcase classname="com.psl.OpenCart.Tests.DesktopTest" name="ShowingByList" time="0.061"/>
  <system-out/>
  <testcase classname="com.psl.OpenCart.Tests.DesktopTest" name="selectProduct" time="4.383"/>
  <system-out/>
  <testcase classname="com.psl.OpenCart.Tests.DesktopTest" name="addToWishlist" time="0.079"/>
  <system-out/>
  <testcase classname="com.psl.OpenCart.Tests.DesktopTest" name="addToCart" time="0.188"/>
  <system-out/>
</testsuite> <!-- com.psl.OpenCart.Tests.DesktopTest -->
