<?xml version="1.0" encoding="UTF-8"?>
<!-- Generated by org.testng.reporters.JUnitReportReporter -->
<testsuite hostname="ARPGL007193" failures="0" tests="3" name="com.psl.OpenCart.Tests.TabletsTest" time="21.905" errors="0" timestamp="2022-01-17T10:25:03 IST" skipped="0">
  <testcase classname="com.psl.OpenCart.Tests.TabletsTest" name="verifyTabletsModuleInHomePage" time="2.053"/>
  <system-out/>
  <testcase classname="com.psl.OpenCart.Tests.TabletsTest" name="verifyTabletstsIsClickable" time="3.026"/>
  <system-out/>
  <testcase classname="com.psl.OpenCart.Tests.TabletsTest" name="addingToCart" time="16.826"/>
  <system-out/>
</testsuite> <!-- com.psl.OpenCart.Tests.TabletsTest -->
