<?xml version="1.0" encoding="UTF-8"?>
<!-- Generated by org.testng.reporters.JUnitReportReporter -->
<testsuite hostname="ARPGL007193" failures="0" tests="9" name="com.psl.OpenCart.Tests.MyOrders" time="23.920" errors="0" timestamp="2022-01-16T19:14:45 IST" skipped="0">
  <testcase classname="com.psl.OpenCart.Tests.MyOrders" name="openBrowserTest" time="5.334"/>
  <system-out/>
  <testcase classname="com.psl.OpenCart.Tests.MyOrders" name="loginToPage" time="3.677"/>
  <system-out/>
  <testcase classname="com.psl.OpenCart.Tests.MyOrders" name="viewMyOrders" time="2.687"/>
  <system-out/>
  <testcase classname="com.psl.OpenCart.Tests.MyOrders" name="viewDownloads" time="2.545"/>
  <system-out/>
  <testcase classname="com.psl.OpenCart.Tests.MyOrders" name="rewardPoints" time="2.227"/>
  <system-out/>
  <testcase classname="com.psl.OpenCart.Tests.MyOrders" name="returnRequest" time="2.523"/>
  <system-out/>
  <testcase classname="com.psl.OpenCart.Tests.MyOrders" name="transcationDetails" time="2.403"/>
  <system-out/>
  <testcase classname="com.psl.OpenCart.Tests.MyOrders" name="recurringPoints" time="2.438"/>
  <system-out/>
  <testcase classname="com.psl.OpenCart.Tests.MyOrders" name="closeBrowser" time="0.086"/>
  <system-out/>
</testsuite> <!-- com.psl.OpenCart.Tests.MyOrders -->
